#algorithm, OpTime, Op-GB/s, KTime, K-GB/s#
0
COO, 6.76659, 30.9927, 5.1968, 40.3547
block, 0.843072, 248.751, 0.507904, 412.903
Conflict, 1.27811, 164.082, 0.896, 234.057
CUsparse, 15.2953, 52.3037, 66.4658, 12.0363
1
COO, 0.581088, 1443.6, 0.095232, 8808.6
block, 1.81363, 462.531, 1.01069, 829.99
Conflict, 3.26525, 256.906, 2.3808, 352.344
CUsparse, 0.284256, 2814.36, 0.253952, 3150.2
2
COO, 0.571008, 1469.09, 0.093184, 9002.2
block, 1.8584, 451.389, 1.00966, 830.832
Conflict, 3.23978, 258.926, 2.38182, 352.193
CUsparse, 0.171776, 4657.23, 0.139264, 5744.49
3
COO, 0.542656, 1545.84, 0.090112, 9309.09
block, 2.08285, 402.747, 1.00966, 830.832
Conflict, 3.5032, 239.456, 2.38182, 352.193
CUsparse, 0.12496, 6402.05, 0.098304, 8138.02
4
COO, 0.509632, 1646.01, 0.077824, 10778.9
block, 2.11302, 396.995, 1.00864, 831.675
Conflict, 3.56938, 235.016, 2.38592, 351.588
CUsparse, 0.124576, 6421.78, 0.099328, 8054.12
5
COO, 0.559616, 1498.99, 0.084992, 9869.88
block, 2.1401, 391.973, 1.00966, 830.832
Conflict, 3.51984, 238.324, 2.38387, 351.89
CUsparse, 0.166208, 4813.25, 0.134144, 5963.74
6
COO, 0.63456, 330.489, 0.118784, 1765.52
block, 0.794336, 264.013, 0.507904, 412.903
Conflict, 1.18538, 176.919, 0.897024, 233.79
CUsparse, 0.196128, 4078.97, 0.129952, 6156.12
7
COO, 0.527776, 1589.43, 0.083968, 9990.24
block, 1.84013, 455.871, 1.01478, 826.64
Conflict, 3.25478, 257.732, 2.38182, 352.193
CUsparse, 0.123552, 6475.01, 0.096256, 8311.17
8
COO, 0.546848, 1533.99, 0.082944, 10113.6
block, 1.70374, 492.363, 1.01171, 829.15
Conflict, 3.14829, 266.45, 2.3808, 352.344
CUsparse, 0.167584, 4773.73, 0.13824, 5787.04
9
COO, 0.531808, 1577.38, 0.079872, 10502.6
block, 1.73498, 483.5, 1.01171, 829.15
Conflict, 3.10938, 269.784, 2.38182, 352.193
CUsparse, 0.122912, 6508.72, 0.096256, 8311.17
